android/app/build/intermediates/manifest_merge_blame_file/debug/processDebugMainManifest/manifest-merger-blame-debug-report.txt
1<?xml version="1.0" encoding="utf-8"?>
2<manifest xmlns:android="http://schemas.android.com/apk/res/android"
3    package="com.anonymous.meuprimeiroapp"
4    android:versionCode="1"
5    android:versionName="1.0.0" >
6
7    <uses-sdk
8        android:minSdkVersion="24"
9        android:targetSdkVersion="36" />
10
11    <uses-permission android:name="android.permission.SYSTEM_ALERT_WINDOW" />
11-->src\main\AndroidManifest.xml:4:3-75
11-->src\main\AndroidManifest.xml:4:20-73
12    <uses-permission android:name="android.permission.INTERNET" />
12-->src\main\AndroidManifest.xml:2:3-64
12-->src\main\AndroidManifest.xml:2:20-62
13    <uses-permission
13-->src\main\AndroidManifest.xml:3:3-142
14        android:name="android.permission.READ_EXTERNAL_STORAGE"
14-->src\main\AndroidManifest.xml:3:20-75
15        android:maxSdkVersion="32" />
15-->src\main\AndroidManifest.xml:3:76-102
16    <uses-permission android:name="android.permission.VIBRATE" />
16-->src\main\AndroidManifest.xml:5:3-63
16-->src\main\AndroidManifest.xml:5:20-61
17    <uses-permission
17-->src\main\AndroidManifest.xml:6:3-143
18        android:name="android.permission.WRITE_EXTERNAL_STORAGE"
18-->src\main\AndroidManifest.xml:6:20-76
19        android:maxSdkVersion="32" />
19-->src\main\AndroidManifest.xml:6:77-103
20
21    <queries>
21-->src\main\AndroidManifest.xml:7:3-13:13
22        <intent>
22-->src\main\AndroidManifest.xml:8:5-12:14
23            <action android:name="android.intent.action.VIEW" />
23-->src\main\AndroidManifest.xml:9:7-58
23-->src\main\AndroidManifest.xml:9:15-56
24
25            <category android:name="android.intent.category.BROWSABLE" />
25-->src\main\AndroidManifest.xml:10:7-67
25-->src\main\AndroidManifest.xml:10:17-65
26
27            <data android:scheme="https" />
27-->src\main\AndroidManifest.xml:11:7-37
27-->src\main\AndroidManifest.xml:11:13-35
28        </intent>
29        <!-- Query open documents -->
30        <intent>
30-->[host.exp.exponent:expo.modules.filesystem:57.0.1] AndroidManifest.xml:19:9-21:18
31            <action android:name="android.intent.action.OPEN_DOCUMENT_TREE" />
31-->[host.exp.exponent:expo.modules.filesystem:57.0.1] AndroidManifest.xml:20:13-79
31-->[host.exp.exponent:expo.modules.filesystem:57.0.1] AndroidManifest.xml:20:21-76
32        </intent>
33        <intent>
33-->[host.exp.exponent:expo.modules.webbrowser:57.0.2] AndroidManifest.xml:8:9-12:18
34
35            <!-- Required for opening tabs if targeting API 30 -->
36            <action android:name="android.support.customtabs.action.CustomTabsService" />
36-->[host.exp.exponent:expo.modules.webbrowser:57.0.2] AndroidManifest.xml:11:13-90
36-->[host.exp.exponent:expo.modules.webbrowser:57.0.2] AndroidManifest.xml:11:21-87
37        </intent>
38    </queries>
39    <!--
40  Allows Glide to monitor connectivity status and restart failed requests if users go from a
41  a disconnected to a connected network state.
42    -->
43    <uses-permission android:name="android.permission.ACCESS_NETWORK_STATE" />
43-->[expo.modules.image:expo.modules.image:57.0.2] AndroidManifest.xml:12:5-79
43-->[expo.modules.image:expo.modules.image:57.0.2] AndroidManifest.xml:12:22-76
44
45    <permission
45-->[androidx.core:core:1.18.0] AndroidManifest.xml:22:5-24:47
46        android:name="com.anonymous.meuprimeiroapp.DYNAMIC_RECEIVER_NOT_EXPORTED_PERMISSION"
46-->[androidx.core:core:1.18.0] AndroidManifest.xml:23:9-81
47        android:protectionLevel="signature" />
47-->[androidx.core:core:1.18.0] AndroidManifest.xml:24:9-44
48
49    <uses-permission android:name="com.anonymous.meuprimeiroapp.DYNAMIC_RECEIVER_NOT_EXPORTED_PERMISSION" />
49-->[androidx.core:core:1.18.0] AndroidManifest.xml:26:5-97
49-->[androidx.core:core:1.18.0] AndroidManifest.xml:26:22-94
50
51    <application
51-->src\main\AndroidManifest.xml:14:3-31:17
52        android:name="com.anonymous.meuprimeiroapp.MainApplication"
52-->src\main\AndroidManifest.xml:14:16-47
53        android:allowBackup="true"
53-->src\main\AndroidManifest.xml:14:162-188
54        android:appComponentFactory="androidx.core.app.CoreComponentFactory"
54-->[androidx.core:core:1.18.0] AndroidManifest.xml:28:18-86
55        android:debuggable="true"
56        android:enableOnBackInvokedCallback="false"
56-->src\main\AndroidManifest.xml:14:248-291
57        android:extractNativeLibs="false"
58        android:icon="@mipmap/ic_launcher"
58-->src\main\AndroidManifest.xml:14:81-115
59        android:label="@string/app_name"
59-->src\main\AndroidManifest.xml:14:48-80
60        android:roundIcon="@mipmap/ic_launcher_round"
60-->src\main\AndroidManifest.xml:14:116-161
61        android:supportsRtl="true"
61-->src\main\AndroidManifest.xml:14:221-247
62        android:theme="@style/AppTheme"
62-->src\main\AndroidManifest.xml:14:189-220
63        android:usesCleartextTraffic="true" >
63-->src\debug\AndroidManifest.xml:6:18-53
64        <meta-data
64-->src\main\AndroidManifest.xml:15:5-83
65            android:name="expo.modules.updates.ENABLED"
65-->src\main\AndroidManifest.xml:15:16-59
66            android:value="false" />
66-->src\main\AndroidManifest.xml:15:60-81
67        <meta-data
67-->src\main\AndroidManifest.xml:16:5-102
68            android:name="expo.modules.updates.ENABLE_BSDIFF_PATCH_SUPPORT"
68-->src\main\AndroidManifest.xml:16:16-79
69            android:value="true" />
69-->src\main\AndroidManifest.xml:16:80-100
70        <meta-data
70-->src\main\AndroidManifest.xml:17:5-105
71            android:name="expo.modules.updates.EXPO_UPDATES_CHECK_ON_LAUNCH"
71-->src\main\AndroidManifest.xml:17:16-80
72            android:value="ALWAYS" />
72-->src\main\AndroidManifest.xml:17:81-103
73        <meta-data
73-->src\main\AndroidManifest.xml:18:5-99
74            android:name="expo.modules.updates.EXPO_UPDATES_LAUNCH_WAIT_MS"
74-->src\main\AndroidManifest.xml:18:16-79
75            android:value="0" />
75-->src\main\AndroidManifest.xml:18:80-97
76
77        <activity
77-->src\main\AndroidManifest.xml:19:5-30:16
78            android:name="com.anonymous.meuprimeiroapp.MainActivity"
78-->src\main\AndroidManifest.xml:19:15-43
79            android:configChanges="keyboard|keyboardHidden|orientation|screenSize|screenLayout|uiMode|smallestScreenSize|assetsPaths"
79-->src\main\AndroidManifest.xml:19:44-165
80            android:exported="true"
80-->src\main\AndroidManifest.xml:19:287-310
81            android:launchMode="singleTask"
81-->src\main\AndroidManifest.xml:19:166-197
82            android:screenOrientation="portrait"
82-->src\main\AndroidManifest.xml:19:311-347
83            android:theme="@style/Theme.App.SplashScreen"
83-->src\main\AndroidManifest.xml:19:241-286
84            android:windowSoftInputMode="adjustResize" >
84-->src\main\AndroidManifest.xml:19:198-240
85            <intent-filter>
85-->src\main\AndroidManifest.xml:20:7-23:23
86                <action android:name="android.intent.action.MAIN" />
86-->src\main\AndroidManifest.xml:21:9-60
86-->src\main\AndroidManifest.xml:21:17-58
87
88                <category android:name="android.intent.category.LAUNCHER" />
88-->src\main\AndroidManifest.xml:22:9-68
88-->src\main\AndroidManifest.xml:22:19-66
89            </intent-filter>
90            <intent-filter>
90-->src\main\AndroidManifest.xml:24:7-29:23
91                <action android:name="android.intent.action.VIEW" />
91-->src\main\AndroidManifest.xml:9:7-58
91-->src\main\AndroidManifest.xml:9:15-56
92
93                <category android:name="android.intent.category.DEFAULT" />
93-->src\main\AndroidManifest.xml:26:9-67
93-->src\main\AndroidManifest.xml:26:19-65
94                <category android:name="android.intent.category.BROWSABLE" />
94-->src\main\AndroidManifest.xml:10:7-67
94-->src\main\AndroidManifest.xml:10:17-65
95
96                <data android:scheme="meuprimeiroapp" />
96-->src\main\AndroidManifest.xml:11:7-37
96-->src\main\AndroidManifest.xml:11:13-35
97            </intent-filter>
98        </activity>
99
100        <meta-data
100-->[:expo-modules-core] AndroidManifest.xml:9:9-11:89
101            android:name="org.unimodules.core.AppLoader#react-native-headless"
101-->[:expo-modules-core] AndroidManifest.xml:10:13-79
102            android:value="expo.modules.adapters.react.apploader.RNHeadlessAppLoader" />
102-->[:expo-modules-core] AndroidManifest.xml:11:13-86
103        <meta-data
103-->[:expo-modules-core] AndroidManifest.xml:12:9-15:45
104            android:name="com.facebook.soloader.enabled"
104-->[:expo-modules-core] AndroidManifest.xml:13:13-57
105            android:value="true" />
105-->[:expo-modules-core] AndroidManifest.xml:14:13-33
106
107        <provider
107-->[host.exp.exponent:expo.modules.filesystem:57.0.1] AndroidManifest.xml:25:9-34:20
108            android:name="expo.modules.filesystem.FileSystemFileProvider"
108-->[host.exp.exponent:expo.modules.filesystem:57.0.1] AndroidManifest.xml:26:13-74
109            android:authorities="com.anonymous.meuprimeiroapp.FileSystemFileProvider"
109-->[host.exp.exponent:expo.modules.filesystem:57.0.1] AndroidManifest.xml:27:13-74
110            android:exported="false"
110-->[host.exp.exponent:expo.modules.filesystem:57.0.1] AndroidManifest.xml:28:13-37
111            android:grantUriPermissions="true" >
111-->[host.exp.exponent:expo.modules.filesystem:57.0.1] AndroidManifest.xml:29:13-47
112            <meta-data
112-->[host.exp.exponent:expo.modules.filesystem:57.0.1] AndroidManifest.xml:31:13-33:70
113                android:name="android.support.FILE_PROVIDER_PATHS"
113-->[host.exp.exponent:expo.modules.filesystem:57.0.1] AndroidManifest.xml:32:17-67
114                android:resource="@xml/file_system_provider_paths" />
114-->[host.exp.exponent:expo.modules.filesystem:57.0.1] AndroidManifest.xml:33:17-67
115        </provider>
116
117        <activity
117-->[com.facebook.react:react-android:0.86.2] AndroidManifest.xml:19:9-21:40
118            android:name="com.facebook.react.devsupport.DevSettingsActivity"
118-->[com.facebook.react:react-android:0.86.2] AndroidManifest.xml:20:13-77
119            android:exported="false" />
119-->[com.facebook.react:react-android:0.86.2] AndroidManifest.xml:21:13-37
120        <activity
120-->[host.exp.exponent:expo.modules.webbrowser:57.0.2] AndroidManifest.xml:16:9-21:75
121            android:name="expo.modules.webbrowser.BrowserProxyActivity"
121-->[host.exp.exponent:expo.modules.webbrowser:57.0.2] AndroidManifest.xml:17:13-72
122            android:exported="false"
122-->[host.exp.exponent:expo.modules.webbrowser:57.0.2] AndroidManifest.xml:18:13-37
123            android:launchMode="singleTop"
123-->[host.exp.exponent:expo.modules.webbrowser:57.0.2] AndroidManifest.xml:19:13-43
124            android:taskAffinity=".webContainer"
124-->[host.exp.exponent:expo.modules.webbrowser:57.0.2] AndroidManifest.xml:20:13-49
125            android:theme="@android:style/Theme.Translucent.NoTitleBar" />
125-->[host.exp.exponent:expo.modules.webbrowser:57.0.2] AndroidManifest.xml:21:13-72
126
127        <meta-data
127-->[com.github.bumptech.glide:okhttp3-integration:5.0.5] AndroidManifest.xml:8:9-10:43
128            android:name="com.bumptech.glide.integration.okhttp3.OkHttpGlideModule"
128-->[com.github.bumptech.glide:okhttp3-integration:5.0.5] AndroidManifest.xml:9:13-84
129            android:value="GlideModule" />
129-->[com.github.bumptech.glide:okhttp3-integration:5.0.5] AndroidManifest.xml:10:13-40
130
131        <uses-library
131-->[androidx.window:window:1.5.1] AndroidManifest.xml:23:9-25:40
132            android:name="androidx.window.extensions"
132-->[androidx.window:window:1.5.1] AndroidManifest.xml:24:13-54
133            android:required="false" />
133-->[androidx.window:window:1.5.1] AndroidManifest.xml:25:13-37
134        <uses-library
134-->[androidx.window:window:1.5.1] AndroidManifest.xml:26:9-28:40
135            android:name="androidx.window.sidecar"
135-->[androidx.window:window:1.5.1] AndroidManifest.xml:27:13-51
136            android:required="false" />
136-->[androidx.window:window:1.5.1] AndroidManifest.xml:28:13-37
137
138        <provider
138-->[androidx.emoji2:emoji2:1.4.0] AndroidManifest.xml:24:9-32:20
139            android:name="androidx.startup.InitializationProvider"
139-->[androidx.emoji2:emoji2:1.4.0] AndroidManifest.xml:25:13-67
140            android:authorities="com.anonymous.meuprimeiroapp.androidx-startup"
140-->[androidx.emoji2:emoji2:1.4.0] AndroidManifest.xml:26:13-68
141            android:exported="false" >
141-->[androidx.emoji2:emoji2:1.4.0] AndroidManifest.xml:27:13-37
142            <meta-data
142-->[androidx.emoji2:emoji2:1.4.0] AndroidManifest.xml:29:13-31:52
143                android:name="androidx.emoji2.text.EmojiCompatInitializer"
143-->[androidx.emoji2:emoji2:1.4.0] AndroidManifest.xml:30:17-75
144                android:value="androidx.startup" />
144-->[androidx.emoji2:emoji2:1.4.0] AndroidManifest.xml:31:17-49
145            <meta-data
145-->[androidx.lifecycle:lifecycle-process:2.10.0] AndroidManifest.xml:29:13-31:52
146                android:name="androidx.lifecycle.ProcessLifecycleInitializer"
146-->[androidx.lifecycle:lifecycle-process:2.10.0] AndroidManifest.xml:30:17-78
147                android:value="androidx.startup" />
147-->[androidx.lifecycle:lifecycle-process:2.10.0] AndroidManifest.xml:31:17-49
148            <meta-data
148-->[androidx.profileinstaller:profileinstaller:1.4.0] AndroidManifest.xml:29:13-31:52
149                android:name="androidx.profileinstaller.ProfileInstallerInitializer"
149-->[androidx.profileinstaller:profileinstaller:1.4.0] AndroidManifest.xml:30:17-85
150                android:value="androidx.startup" />
150-->[androidx.profileinstaller:profileinstaller:1.4.0] AndroidManifest.xml:31:17-49
151        </provider>
152
153        <receiver
153-->[androidx.profileinstaller:profileinstaller:1.4.0] AndroidManifest.xml:34:9-52:20
154            android:name="androidx.profileinstaller.ProfileInstallReceiver"
154-->[androidx.profileinstaller:profileinstaller:1.4.0] AndroidManifest.xml:35:13-76
155            android:directBootAware="false"
155-->[androidx.profileinstaller:profileinstaller:1.4.0] AndroidManifest.xml:36:13-44
156            android:enabled="true"
156-->[androidx.profileinstaller:profileinstaller:1.4.0] AndroidManifest.xml:37:13-35
157            android:exported="true"
157-->[androidx.profileinstaller:profileinstaller:1.4.0] AndroidManifest.xml:38:13-36
158            android:permission="android.permission.DUMP" >
158-->[androidx.profileinstaller:profileinstaller:1.4.0] AndroidManifest.xml:39:13-57
159            <intent-filter>
159-->[androidx.profileinstaller:profileinstaller:1.4.0] AndroidManifest.xml:40:13-42:29
160                <action android:name="androidx.profileinstaller.action.INSTALL_PROFILE" />
160-->[androidx.profileinstaller:profileinstaller:1.4.0] AndroidManifest.xml:41:17-91
160-->[androidx.profileinstaller:profileinstaller:1.4.0] AndroidManifest.xml:41:25-88
161            </intent-filter>
162            <intent-filter>
162-->[androidx.profileinstaller:profileinstaller:1.4.0] AndroidManifest.xml:43:13-45:29
163                <action android:name="androidx.profileinstaller.action.SKIP_FILE" />
163-->[androidx.profileinstaller:profileinstaller:1.4.0] AndroidManifest.xml:44:17-85
163-->[androidx.profileinstaller:profileinstaller:1.4.0] AndroidManifest.xml:44:25-82
164            </intent-filter>
165            <intent-filter>
165-->[androidx.profileinstaller:profileinstaller:1.4.0] AndroidManifest.xml:46:13-48:29
166                <action android:name="androidx.profileinstaller.action.SAVE_PROFILE" />
166-->[androidx.profileinstaller:profileinstaller:1.4.0] AndroidManifest.xml:47:17-88
166-->[androidx.profileinstaller:profileinstaller:1.4.0] AndroidManifest.xml:47:25-85
167            </intent-filter>
168            <intent-filter>
168-->[androidx.profileinstaller:profileinstaller:1.4.0] AndroidManifest.xml:49:13-51:29
169                <action android:name="androidx.profileinstaller.action.BENCHMARK_OPERATION" />
169-->[androidx.profileinstaller:profileinstaller:1.4.0] AndroidManifest.xml:50:17-95
169-->[androidx.profileinstaller:profileinstaller:1.4.0] AndroidManifest.xml:50:25-92
170            </intent-filter>
171        </receiver>
172    </application>
173
174</manifest>